[2021-06-25 12:05:03.273] [exthost] [info] extension host started
[2021-06-25 12:05:03.340] [exthost] [info] ExtensionService#_doActivateExtension vscode.debug-auto-launch {"startup":true,"extensionId":{"value":"vscode.debug-auto-launch","_lower":"vscode.debug-auto-launch"},"activationEvent":"*"}
[2021-06-25 12:05:03.340] [exthost] [info] ExtensionService#loadCommonJSModule file:///usr/lib/code-oss/resources/app/extensions/debug-auto-launch/dist/extension
[2021-06-25 12:05:03.346] [exthost] [info] ExtensionService#_doActivateExtension vscode.git {"startup":true,"extensionId":{"value":"vscode.github","_lower":"vscode.github"},"activationEvent":"*"}
[2021-06-25 12:05:03.346] [exthost] [info] ExtensionService#loadCommonJSModule file:///usr/lib/code-oss/resources/app/extensions/git/dist/main
[2021-06-25 12:05:03.399] [exthost] [info] ExtensionService#_doActivateExtension s-nlf-fh.glassit {"startup":true,"extensionId":{"value":"s-nlf-fh.glassit","_lower":"s-nlf-fh.glassit"},"activationEvent":"*"}
[2021-06-25 12:05:03.399] [exthost] [info] ExtensionService#loadCommonJSModule file:///home/ziggy/.vscode-oss/extensions/s-nlf-fh.glassit-0.2.3/extension
[2021-06-25 12:05:03.415] [exthost] [info] ExtensionService#_doActivateExtension vscodevim.vim {"startup":true,"extensionId":{"value":"vscodevim.vim","_lower":"vscodevim.vim"},"activationEvent":"*"}
[2021-06-25 12:05:03.415] [exthost] [info] ExtensionService#loadCommonJSModule file:///home/ziggy/.vscode-oss/extensions/vscodevim.vim-1.21.3/out/extension
[2021-06-25 12:05:03.568] [exthost] [error] Activating extension s-nlf-fh.glassit failed due to an error:
[2021-06-25 12:05:03.569] [exthost] [error] Error: Command failed: pgrep 'code'
    at checkExecSyncError (child_process.js:625:11)
    at Object.execSync (child_process.js:661:15)
    at Object.execSync (electron/js2c/asar_bundle.js:767:29)
    at activate (/home/ziggy/.vscode-oss/extensions/s-nlf-fh.glassit-0.2.3/extension.js:46:31)
    at Function._callActivateOptional (/usr/lib/code-oss/resources/app/out/vs/workbench/services/extensions/node/extensionHostProcess.js:89:14966)
    at Function._callActivate (/usr/lib/code-oss/resources/app/out/vs/workbench/services/extensions/node/extensionHostProcess.js:89:14639)
    at /usr/lib/code-oss/resources/app/out/vs/workbench/services/extensions/node/extensionHostProcess.js:89:12799
    at processTicksAndRejections (internal/process/task_queues.js:93:5)
    at async Promise.all (index 2)
    at async Promise.all (index 0)
[2021-06-25 12:05:03.651] [exthost] [info] ExtensionService#_doActivateExtension vscode.github {"startup":true,"extensionId":{"value":"vscode.github","_lower":"vscode.github"},"activationEvent":"*"}
[2021-06-25 12:05:03.651] [exthost] [info] ExtensionService#loadCommonJSModule file:///usr/lib/code-oss/resources/app/extensions/github/dist/extension.js
[2021-06-25 12:05:03.709] [exthost] [info] eager extensions activated
[2021-06-25 12:05:03.776] [exthost] [info] ExtensionService#_doActivateExtension ms-vscode.js-debug {"startup":false,"extensionId":{"value":"ms-vscode.js-debug","_lower":"ms-vscode.js-debug"},"activationEvent":"onCommand:extension.js-debug.clearAutoAttachVariables"}
[2021-06-25 12:05:03.776] [exthost] [info] ExtensionService#loadCommonJSModule file:///usr/lib/code-oss/resources/app/extensions/ms-vscode.js-debug/src/extension.js
[2021-06-25 12:05:03.992] [exthost] [info] ExtensionService#_doActivateExtension vscode.emmet {"startup":false,"extensionId":{"value":"vscode.emmet","_lower":"vscode.emmet"},"activationEvent":"onStartupFinished"}
[2021-06-25 12:05:03.992] [exthost] [info] ExtensionService#loadCommonJSModule file:///usr/lib/code-oss/resources/app/extensions/emmet/dist/node/emmetNodeMain
[2021-06-25 12:05:04.003] [exthost] [info] ExtensionService#_doActivateExtension vscode.merge-conflict {"startup":false,"extensionId":{"value":"vscode.merge-conflict","_lower":"vscode.merge-conflict"},"activationEvent":"onStartupFinished"}
[2021-06-25 12:05:04.003] [exthost] [info] ExtensionService#loadCommonJSModule file:///usr/lib/code-oss/resources/app/extensions/merge-conflict/dist/mergeConflictMain
[2021-06-25 12:05:04.007] [exthost] [info] ExtensionService#_doActivateExtension vscode.testing-editor-contributions {"startup":false,"extensionId":{"value":"vscode.testing-editor-contributions","_lower":"vscode.testing-editor-contributions"},"activationEvent":"onStartupFinished"}
[2021-06-25 12:05:04.007] [exthost] [info] ExtensionService#loadCommonJSModule file:///usr/lib/code-oss/resources/app/extensions/testing-editor-contributions/dist/extension.js
[2021-06-25 12:05:30.166] [exthost] [info] ExtensionService#_doActivateExtension nowsci.glassit-linux {"startup":false,"extensionId":{"value":"nowsci.glassit-linux","_lower":"nowsci.glassit-linux"},"activationEvent":"*"}
[2021-06-25 12:05:30.167] [exthost] [info] ExtensionService#loadCommonJSModule file:///home/ziggy/.vscode-oss/extensions/nowsci.glassit-linux-1.0.0/extension.js
[2021-06-25 12:05:44.252] [exthost] [info] extension host terminating: renderer closed the socket
[2021-06-25 12:05:45.272] [exthost] [info] exiting with code 0
