[2021-06-25 19:01:43.290] [exthost] [info] extension host started
[2021-06-25 19:01:43.468] [exthost] [info] ExtensionService#_doActivateExtension vscode.debug-auto-launch {"startup":true,"extensionId":{"value":"vscode.debug-auto-launch","_lower":"vscode.debug-auto-launch"},"activationEvent":"*"}
[2021-06-25 19:01:43.469] [exthost] [info] ExtensionService#loadCommonJSModule file:///usr/lib/code-oss/resources/app/extensions/debug-auto-launch/dist/extension
[2021-06-25 19:01:43.480] [exthost] [info] ExtensionService#_doActivateExtension vscode.git {"startup":true,"extensionId":{"value":"vscode.github","_lower":"vscode.github"},"activationEvent":"*"}
[2021-06-25 19:01:43.480] [exthost] [info] ExtensionService#loadCommonJSModule file:///usr/lib/code-oss/resources/app/extensions/git/dist/main
[2021-06-25 19:01:43.563] [exthost] [info] ExtensionService#_doActivateExtension nowsci.glassit-linux {"startup":true,"extensionId":{"value":"nowsci.glassit-linux","_lower":"nowsci.glassit-linux"},"activationEvent":"*"}
[2021-06-25 19:01:43.563] [exthost] [info] ExtensionService#loadCommonJSModule file:///home/ziggy/.vscode-oss/extensions/nowsci.glassit-linux-1.0.0/extension.js
[2021-06-25 19:01:43.564] [exthost] [info] ExtensionService#_doActivateExtension skattyadz.vscode-quick-scope {"startup":true,"extensionId":{"value":"skattyadz.vscode-quick-scope","_lower":"skattyadz.vscode-quick-scope"},"activationEvent":"*"}
[2021-06-25 19:01:43.564] [exthost] [info] ExtensionService#loadCommonJSModule file:///home/ziggy/.vscode-oss/extensions/skattyadz.vscode-quick-scope-0.2.0/out/extension
[2021-06-25 19:01:43.565] [exthost] [info] ExtensionService#_doActivateExtension tranhl.find-then-jump {"startup":true,"extensionId":{"value":"tranhl.find-then-jump","_lower":"tranhl.find-then-jump"},"activationEvent":"*"}
[2021-06-25 19:01:43.565] [exthost] [info] ExtensionService#loadCommonJSModule file:///home/ziggy/.vscode-oss/extensions/tranhl.find-then-jump-2.0.5/dist/extension.js
[2021-06-25 19:01:43.574] [exthost] [info] ExtensionService#_doActivateExtension vscodevim.vim {"startup":true,"extensionId":{"value":"vscodevim.vim","_lower":"vscodevim.vim"},"activationEvent":"*"}
[2021-06-25 19:01:43.574] [exthost] [info] ExtensionService#loadCommonJSModule file:///home/ziggy/.vscode-oss/extensions/vscodevim.vim-1.21.3/out/extension
[2021-06-25 19:01:43.895] [exthost] [info] ExtensionService#_doActivateExtension vscode.github {"startup":true,"extensionId":{"value":"vscode.github","_lower":"vscode.github"},"activationEvent":"*"}
[2021-06-25 19:01:43.895] [exthost] [info] ExtensionService#loadCommonJSModule file:///usr/lib/code-oss/resources/app/extensions/github/dist/extension.js
[2021-06-25 19:01:43.987] [exthost] [info] eager extensions activated
[2021-06-25 19:01:43.990] [exthost] [info] ExtensionService#_doActivateExtension ms-vscode.js-debug {"startup":false,"extensionId":{"value":"ms-vscode.js-debug","_lower":"ms-vscode.js-debug"},"activationEvent":"onCommand:extension.js-debug.clearAutoAttachVariables"}
[2021-06-25 19:01:43.990] [exthost] [info] ExtensionService#loadCommonJSModule file:///usr/lib/code-oss/resources/app/extensions/ms-vscode.js-debug/src/extension.js
[2021-06-25 19:01:44.163] [exthost] [info] ExtensionService#_doActivateExtension vscode.emmet {"startup":false,"extensionId":{"value":"vscode.emmet","_lower":"vscode.emmet"},"activationEvent":"onStartupFinished"}
[2021-06-25 19:01:44.163] [exthost] [info] ExtensionService#loadCommonJSModule file:///usr/lib/code-oss/resources/app/extensions/emmet/dist/node/emmetNodeMain
[2021-06-25 19:01:44.174] [exthost] [info] ExtensionService#_doActivateExtension vscode.merge-conflict {"startup":false,"extensionId":{"value":"vscode.merge-conflict","_lower":"vscode.merge-conflict"},"activationEvent":"onStartupFinished"}
[2021-06-25 19:01:44.174] [exthost] [info] ExtensionService#loadCommonJSModule file:///usr/lib/code-oss/resources/app/extensions/merge-conflict/dist/mergeConflictMain
[2021-06-25 19:01:44.177] [exthost] [info] ExtensionService#_doActivateExtension vscode.testing-editor-contributions {"startup":false,"extensionId":{"value":"vscode.testing-editor-contributions","_lower":"vscode.testing-editor-contributions"},"activationEvent":"onStartupFinished"}
[2021-06-25 19:01:44.177] [exthost] [info] ExtensionService#loadCommonJSModule file:///usr/lib/code-oss/resources/app/extensions/testing-editor-contributions/dist/extension.js
[2021-06-25 19:01:44.177] [exthost] [info] ExtensionService#_doActivateExtension TomRijndorp.find-it-faster {"startup":false,"extensionId":{"value":"TomRijndorp.find-it-faster","_lower":"tomrijndorp.find-it-faster"},"activationEvent":"onStartupFinished"}
[2021-06-25 19:01:44.177] [exthost] [info] ExtensionService#loadCommonJSModule file:///home/ziggy/.vscode-oss/extensions/tomrijndorp.find-it-faster-0.0.6/out/extension.js
[2021-06-25 19:09:42.283] [exthost] [info] ExtensionService#_doActivateExtension vscode.configuration-editing {"startup":false,"extensionId":{"value":"vscode.configuration-editing","_lower":"vscode.configuration-editing"},"activationEvent":"onLanguage:jsonc"}
[2021-06-25 19:09:42.283] [exthost] [info] ExtensionService#loadCommonJSModule file:///usr/lib/code-oss/resources/app/extensions/configuration-editing/dist/configurationEditingMain
[2021-06-25 19:09:42.291] [exthost] [info] ExtensionService#_doActivateExtension vscode.json-language-features {"startup":false,"extensionId":{"value":"vscode.json-language-features","_lower":"vscode.json-language-features"},"activationEvent":"onLanguage:jsonc"}
[2021-06-25 19:09:42.291] [exthost] [info] ExtensionService#loadCommonJSModule file:///usr/lib/code-oss/resources/app/extensions/json-language-features/client/dist/node/jsonClientMain
[2021-06-25 19:09:42.353] [exthost] [info] ExtensionService#_doActivateExtension vscode.typescript-language-features {"startup":false,"extensionId":{"value":"vscode.typescript-language-features","_lower":"vscode.typescript-language-features"},"activationEvent":"onLanguage:jsonc"}
[2021-06-25 19:09:42.353] [exthost] [info] ExtensionService#loadCommonJSModule file:///usr/lib/code-oss/resources/app/extensions/typescript-language-features/dist/extension
[2021-06-25 19:15:22.010] [exthost] [info] extension host terminating: renderer closed the socket
[2021-06-25 19:15:22.057] [exthost] [error] Error: Terminal has already been disposed
    at _checkDisposed (/usr/lib/code-oss/resources/app/out/vs/workbench/services/extensions/node/extensionHostProcess.js:85:32847)
    at Object.sendText (/usr/lib/code-oss/resources/app/out/vs/workbench/services/extensions/node/extensionHostProcess.js:85:31416)
    at handleCanaryFileChange (/home/ziggy/.vscode-oss/extensions/tomrijndorp.find-it-faster-0.0.6/out/extension.js:271:14)
    at FSWatcher.<anonymous> (/home/ziggy/.vscode-oss/extensions/tomrijndorp.find-it-faster-0.0.6/out/extension.js:242:13)
    at FSWatcher.emit (events.js:315:20)
    at FSEvent.FSWatcher._handle.onchange (internal/fs/watchers.js:186:12)
[2021-06-25 19:15:23.038] [exthost] [info] exiting with code 0
