[2021-06-25 18:37:44.120] [exthost] [info] extension host started
[2021-06-25 18:37:44.308] [exthost] [info] ExtensionService#_doActivateExtension vscode.debug-auto-launch {"startup":true,"extensionId":{"value":"vscode.debug-auto-launch","_lower":"vscode.debug-auto-launch"},"activationEvent":"*"}
[2021-06-25 18:37:44.309] [exthost] [info] ExtensionService#loadCommonJSModule file:///usr/lib/code-oss/resources/app/extensions/debug-auto-launch/dist/extension
[2021-06-25 18:37:44.314] [exthost] [info] ExtensionService#_doActivateExtension vscode.git {"startup":true,"extensionId":{"value":"vscode.github","_lower":"vscode.github"},"activationEvent":"*"}
[2021-06-25 18:37:44.314] [exthost] [info] ExtensionService#loadCommonJSModule file:///usr/lib/code-oss/resources/app/extensions/git/dist/main
[2021-06-25 18:37:44.359] [exthost] [info] ExtensionService#_doActivateExtension nowsci.glassit-linux {"startup":true,"extensionId":{"value":"nowsci.glassit-linux","_lower":"nowsci.glassit-linux"},"activationEvent":"*"}
[2021-06-25 18:37:44.359] [exthost] [info] ExtensionService#loadCommonJSModule file:///home/ziggy/.vscode-oss/extensions/nowsci.glassit-linux-1.0.0/extension.js
[2021-06-25 18:37:44.360] [exthost] [info] ExtensionService#_doActivateExtension skattyadz.vscode-quick-scope {"startup":true,"extensionId":{"value":"skattyadz.vscode-quick-scope","_lower":"skattyadz.vscode-quick-scope"},"activationEvent":"*"}
[2021-06-25 18:37:44.360] [exthost] [info] ExtensionService#loadCommonJSModule file:///home/ziggy/.vscode-oss/extensions/skattyadz.vscode-quick-scope-0.2.0/out/extension
[2021-06-25 18:37:44.361] [exthost] [info] ExtensionService#_doActivateExtension tranhl.find-then-jump {"startup":true,"extensionId":{"value":"tranhl.find-then-jump","_lower":"tranhl.find-then-jump"},"activationEvent":"*"}
[2021-06-25 18:37:44.361] [exthost] [info] ExtensionService#loadCommonJSModule file:///home/ziggy/.vscode-oss/extensions/tranhl.find-then-jump-2.0.5/dist/extension.js
[2021-06-25 18:37:44.369] [exthost] [info] ExtensionService#_doActivateExtension vscodevim.vim {"startup":true,"extensionId":{"value":"vscodevim.vim","_lower":"vscodevim.vim"},"activationEvent":"*"}
[2021-06-25 18:37:44.370] [exthost] [info] ExtensionService#loadCommonJSModule file:///home/ziggy/.vscode-oss/extensions/vscodevim.vim-1.21.3/out/extension
[2021-06-25 18:37:44.668] [exthost] [info] ExtensionService#_doActivateExtension vscode.github {"startup":true,"extensionId":{"value":"vscode.github","_lower":"vscode.github"},"activationEvent":"*"}
[2021-06-25 18:37:44.668] [exthost] [info] ExtensionService#loadCommonJSModule file:///usr/lib/code-oss/resources/app/extensions/github/dist/extension.js
[2021-06-25 18:37:44.743] [exthost] [info] eager extensions activated
[2021-06-25 18:37:44.752] [exthost] [info] ExtensionService#_doActivateExtension ms-vscode.js-debug {"startup":false,"extensionId":{"value":"ms-vscode.js-debug","_lower":"ms-vscode.js-debug"},"activationEvent":"onCommand:extension.js-debug.clearAutoAttachVariables"}
[2021-06-25 18:37:44.752] [exthost] [info] ExtensionService#loadCommonJSModule file:///usr/lib/code-oss/resources/app/extensions/ms-vscode.js-debug/src/extension.js
[2021-06-25 18:37:44.938] [exthost] [info] ExtensionService#_doActivateExtension vscode.emmet {"startup":false,"extensionId":{"value":"vscode.emmet","_lower":"vscode.emmet"},"activationEvent":"onStartupFinished"}
[2021-06-25 18:37:44.938] [exthost] [info] ExtensionService#loadCommonJSModule file:///usr/lib/code-oss/resources/app/extensions/emmet/dist/node/emmetNodeMain
[2021-06-25 18:37:44.948] [exthost] [info] ExtensionService#_doActivateExtension vscode.merge-conflict {"startup":false,"extensionId":{"value":"vscode.merge-conflict","_lower":"vscode.merge-conflict"},"activationEvent":"onStartupFinished"}
[2021-06-25 18:37:44.948] [exthost] [info] ExtensionService#loadCommonJSModule file:///usr/lib/code-oss/resources/app/extensions/merge-conflict/dist/mergeConflictMain
[2021-06-25 18:37:44.951] [exthost] [info] ExtensionService#_doActivateExtension vscode.testing-editor-contributions {"startup":false,"extensionId":{"value":"vscode.testing-editor-contributions","_lower":"vscode.testing-editor-contributions"},"activationEvent":"onStartupFinished"}
[2021-06-25 18:37:44.951] [exthost] [info] ExtensionService#loadCommonJSModule file:///usr/lib/code-oss/resources/app/extensions/testing-editor-contributions/dist/extension.js
[2021-06-25 18:37:44.951] [exthost] [info] ExtensionService#_doActivateExtension TomRijndorp.find-it-faster {"startup":false,"extensionId":{"value":"TomRijndorp.find-it-faster","_lower":"tomrijndorp.find-it-faster"},"activationEvent":"onStartupFinished"}
[2021-06-25 18:37:44.951] [exthost] [info] ExtensionService#loadCommonJSModule file:///home/ziggy/.vscode-oss/extensions/tomrijndorp.find-it-faster-0.0.6/out/extension.js
[2021-06-25 18:38:34.826] [exthost] [info] ExtensionService#_doActivateExtension vscode.configuration-editing {"startup":false,"extensionId":{"value":"vscode.configuration-editing","_lower":"vscode.configuration-editing"},"activationEvent":"onLanguage:json"}
[2021-06-25 18:38:34.827] [exthost] [info] ExtensionService#loadCommonJSModule file:///usr/lib/code-oss/resources/app/extensions/configuration-editing/dist/configurationEditingMain
[2021-06-25 18:38:34.831] [exthost] [info] ExtensionService#_doActivateExtension vscode.extension-editing {"startup":false,"extensionId":{"value":"vscode.extension-editing","_lower":"vscode.extension-editing"},"activationEvent":"onLanguage:json"}
[2021-06-25 18:38:34.831] [exthost] [info] ExtensionService#loadCommonJSModule file:///usr/lib/code-oss/resources/app/extensions/extension-editing/dist/extensionEditingMain
[2021-06-25 18:38:34.844] [exthost] [info] ExtensionService#_doActivateExtension vscode.json-language-features {"startup":false,"extensionId":{"value":"vscode.json-language-features","_lower":"vscode.json-language-features"},"activationEvent":"onLanguage:json"}
[2021-06-25 18:38:34.844] [exthost] [info] ExtensionService#loadCommonJSModule file:///usr/lib/code-oss/resources/app/extensions/json-language-features/client/dist/node/jsonClientMain
[2021-06-25 18:38:34.881] [exthost] [info] ExtensionService#_doActivateExtension vscode.npm {"startup":false,"extensionId":{"value":"vscode.npm","_lower":"vscode.npm"},"activationEvent":"onLanguage:json"}
[2021-06-25 18:38:34.881] [exthost] [info] ExtensionService#loadCommonJSModule file:///usr/lib/code-oss/resources/app/extensions/npm/dist/npmMain
[2021-06-25 18:42:04.466] [exthost] [info] ExtensionService#_doActivateExtension vscode.typescript-language-features {"startup":false,"extensionId":{"value":"vscode.typescript-language-features","_lower":"vscode.typescript-language-features"},"activationEvent":"onLanguage:jsonc"}
[2021-06-25 18:42:04.466] [exthost] [info] ExtensionService#loadCommonJSModule file:///usr/lib/code-oss/resources/app/extensions/typescript-language-features/dist/extension
[2021-06-25 18:50:00.836] [exthost] [info] extension host terminating: renderer closed the socket
[2021-06-25 18:50:00.867] [exthost] [error] TypeError: Cannot read property 'sendText' of undefined
    at handleCanaryFileChange (/home/ziggy/.vscode-oss/extensions/tomrijndorp.find-it-faster-0.0.6/out/extension.js:271:14)
    at FSWatcher.<anonymous> (/home/ziggy/.vscode-oss/extensions/tomrijndorp.find-it-faster-0.0.6/out/extension.js:242:13)
    at FSWatcher.emit (events.js:315:20)
    at FSEvent.FSWatcher._handle.onchange (internal/fs/watchers.js:186:12)
[2021-06-25 18:50:01.861] [exthost] [info] exiting with code 0
