Looking for git in: git
Using git 2.32.0 from git
> git rev-parse --git-dir
Open repository: /home/ziggy/SOURCE/C/gol
> git status -z -u
> git symbolic-ref --short HEAD
> git for-each-ref --format=%(refname)%00%(upstream:short)%00%(objectname)%00%(upstream:track) refs/heads/main refs/remotes/main
> git for-each-ref --sort -committerdate --format %(refname) %(objectname) %(*objectname)
> git remote --verbose
Warning: Failed to watch ref '/home/ziggy/SOURCE/C/gol/.git/refs/remotes/origin/main', is most likely packed.
> git config --get commit.template
> git show --textconv :logic.c
> git ls-files --stage -- /home/ziggy/SOURCE/C/gol/logic.c
> git cat-file -s 8823743c6d5067d2f5c682fbf1e9f7952a7e78e3
> git rev-parse --git-dir
Open repository: /home/ziggy/SOURCE/C/gol/cmake/sdl2
> git status -z -u
> git check-ignore -v -z --stdin
> git symbolic-ref --short HEAD
fatal: ref HEAD is not a symbolic ref
> git rev-parse HEAD
> git for-each-ref --sort -committerdate --format %(refname) %(objectname) %(*objectname)
> git remote --verbose
> git config --get commit.template
> git check-ignore -v -z --stdin
> git status -z -u
> git symbolic-ref --short HEAD
> git for-each-ref --format=%(refname)%00%(upstream:short)%00%(objectname)%00%(upstream:track) refs/heads/main refs/remotes/main
> git for-each-ref --sort -committerdate --format %(refname) %(objectname) %(*objectname)
> git remote --verbose
Warning: Failed to watch ref '/home/ziggy/SOURCE/C/gol/.git/refs/remotes/origin/main', is most likely packed.
> git config --get commit.template
> git ls-files --stage -- /home/ziggy/SOURCE/C/gol/logic.c
> git cat-file -s 8823743c6d5067d2f5c682fbf1e9f7952a7e78e3
> git show --textconv :logic.c
> git status -z -u
> git symbolic-ref --short HEAD
> git for-each-ref --format=%(refname)%00%(upstream:short)%00%(objectname)%00%(upstream:track) refs/heads/main refs/remotes/main
> git for-each-ref --sort -committerdate --format %(refname) %(objectname) %(*objectname)
> git remote --verbose
Warning: Failed to watch ref '/home/ziggy/SOURCE/C/gol/.git/refs/remotes/origin/main', is most likely packed.
> git config --get commit.template
> git show --textconv :logic.c
> git ls-files --stage -- /home/ziggy/SOURCE/C/gol/logic.c
> git cat-file -s 8823743c6d5067d2f5c682fbf1e9f7952a7e78e3
> git show --textconv :main.c
> git ls-files --stage -- /home/ziggy/SOURCE/C/gol/main.c
> git cat-file -s f4aa25ef15b72b543785a9198d0a20d4930b6e2e
