[2021-06-25 18:57:57.770] [exthost] [info] extension host started
[2021-06-25 18:57:57.860] [exthost] [info] ExtensionService#_doActivateExtension vscode.debug-auto-launch {"startup":true,"extensionId":{"value":"vscode.debug-auto-launch","_lower":"vscode.debug-auto-launch"},"activationEvent":"*"}
[2021-06-25 18:57:57.860] [exthost] [info] ExtensionService#loadCommonJSModule file:///usr/lib/code-oss/resources/app/extensions/debug-auto-launch/dist/extension
[2021-06-25 18:57:57.868] [exthost] [info] ExtensionService#_doActivateExtension vscode.git {"startup":true,"extensionId":{"value":"vscode.github","_lower":"vscode.github"},"activationEvent":"*"}
[2021-06-25 18:57:57.868] [exthost] [info] ExtensionService#loadCommonJSModule file:///usr/lib/code-oss/resources/app/extensions/git/dist/main
[2021-06-25 18:57:57.922] [exthost] [info] ExtensionService#_doActivateExtension nowsci.glassit-linux {"startup":true,"extensionId":{"value":"nowsci.glassit-linux","_lower":"nowsci.glassit-linux"},"activationEvent":"*"}
[2021-06-25 18:57:57.922] [exthost] [info] ExtensionService#loadCommonJSModule file:///home/ziggy/.vscode-oss/extensions/nowsci.glassit-linux-1.0.0/extension.js
[2021-06-25 18:57:57.923] [exthost] [info] ExtensionService#_doActivateExtension skattyadz.vscode-quick-scope {"startup":true,"extensionId":{"value":"skattyadz.vscode-quick-scope","_lower":"skattyadz.vscode-quick-scope"},"activationEvent":"*"}
[2021-06-25 18:57:57.923] [exthost] [info] ExtensionService#loadCommonJSModule file:///home/ziggy/.vscode-oss/extensions/skattyadz.vscode-quick-scope-0.2.0/out/extension
[2021-06-25 18:57:57.925] [exthost] [info] ExtensionService#_doActivateExtension tranhl.find-then-jump {"startup":true,"extensionId":{"value":"tranhl.find-then-jump","_lower":"tranhl.find-then-jump"},"activationEvent":"*"}
[2021-06-25 18:57:57.925] [exthost] [info] ExtensionService#loadCommonJSModule file:///home/ziggy/.vscode-oss/extensions/tranhl.find-then-jump-2.0.5/dist/extension.js
[2021-06-25 18:57:57.935] [exthost] [info] ExtensionService#_doActivateExtension vscodevim.vim {"startup":true,"extensionId":{"value":"vscodevim.vim","_lower":"vscodevim.vim"},"activationEvent":"*"}
[2021-06-25 18:57:57.935] [exthost] [info] ExtensionService#loadCommonJSModule file:///home/ziggy/.vscode-oss/extensions/vscodevim.vim-1.21.3/out/extension
[2021-06-25 18:57:58.166] [exthost] [info] ExtensionService#_doActivateExtension vscode.github {"startup":true,"extensionId":{"value":"vscode.github","_lower":"vscode.github"},"activationEvent":"*"}
[2021-06-25 18:57:58.166] [exthost] [info] ExtensionService#loadCommonJSModule file:///usr/lib/code-oss/resources/app/extensions/github/dist/extension.js
[2021-06-25 18:57:58.198] [exthost] [info] eager extensions activated
[2021-06-25 18:57:58.206] [exthost] [info] ExtensionService#_doActivateExtension ms-vscode.js-debug {"startup":false,"extensionId":{"value":"ms-vscode.js-debug","_lower":"ms-vscode.js-debug"},"activationEvent":"onCommand:extension.js-debug.clearAutoAttachVariables"}
[2021-06-25 18:57:58.206] [exthost] [info] ExtensionService#loadCommonJSModule file:///usr/lib/code-oss/resources/app/extensions/ms-vscode.js-debug/src/extension.js
[2021-06-25 18:57:58.389] [exthost] [info] ExtensionService#_doActivateExtension vscode.emmet {"startup":false,"extensionId":{"value":"vscode.emmet","_lower":"vscode.emmet"},"activationEvent":"onStartupFinished"}
[2021-06-25 18:57:58.389] [exthost] [info] ExtensionService#loadCommonJSModule file:///usr/lib/code-oss/resources/app/extensions/emmet/dist/node/emmetNodeMain
[2021-06-25 18:57:58.401] [exthost] [info] ExtensionService#_doActivateExtension vscode.merge-conflict {"startup":false,"extensionId":{"value":"vscode.merge-conflict","_lower":"vscode.merge-conflict"},"activationEvent":"onStartupFinished"}
[2021-06-25 18:57:58.401] [exthost] [info] ExtensionService#loadCommonJSModule file:///usr/lib/code-oss/resources/app/extensions/merge-conflict/dist/mergeConflictMain
[2021-06-25 18:57:58.404] [exthost] [info] ExtensionService#_doActivateExtension vscode.testing-editor-contributions {"startup":false,"extensionId":{"value":"vscode.testing-editor-contributions","_lower":"vscode.testing-editor-contributions"},"activationEvent":"onStartupFinished"}
[2021-06-25 18:57:58.404] [exthost] [info] ExtensionService#loadCommonJSModule file:///usr/lib/code-oss/resources/app/extensions/testing-editor-contributions/dist/extension.js
[2021-06-25 18:57:58.405] [exthost] [info] ExtensionService#_doActivateExtension TomRijndorp.find-it-faster {"startup":false,"extensionId":{"value":"TomRijndorp.find-it-faster","_lower":"tomrijndorp.find-it-faster"},"activationEvent":"onStartupFinished"}
[2021-06-25 18:57:58.405] [exthost] [info] ExtensionService#loadCommonJSModule file:///home/ziggy/.vscode-oss/extensions/tomrijndorp.find-it-faster-0.0.6/out/extension.js
[2021-06-25 18:59:05.342] [exthost] [info] extension host terminating: renderer closed the socket
[2021-06-25 18:59:05.376] [exthost] [error] TypeError: Cannot read property 'sendText' of undefined
    at handleCanaryFileChange (/home/ziggy/.vscode-oss/extensions/tomrijndorp.find-it-faster-0.0.6/out/extension.js:271:14)
    at FSWatcher.<anonymous> (/home/ziggy/.vscode-oss/extensions/tomrijndorp.find-it-faster-0.0.6/out/extension.js:242:13)
    at FSWatcher.emit (events.js:315:20)
    at FSEvent.FSWatcher._handle.onchange (internal/fs/watchers.js:186:12)
[2021-06-25 18:59:06.365] [exthost] [info] exiting with code 0
