[2021-06-25 18:05:16.531] [exthost] [info] extension host started
[2021-06-25 18:05:16.603] [exthost] [info] ExtensionService#_doActivateExtension vscode.debug-auto-launch {"startup":true,"extensionId":{"value":"vscode.debug-auto-launch","_lower":"vscode.debug-auto-launch"},"activationEvent":"*"}
[2021-06-25 18:05:16.604] [exthost] [info] ExtensionService#loadCommonJSModule file:///usr/lib/code-oss/resources/app/extensions/debug-auto-launch/dist/extension
[2021-06-25 18:05:16.613] [exthost] [info] ExtensionService#_doActivateExtension vscode.git {"startup":true,"extensionId":{"value":"vscode.github","_lower":"vscode.github"},"activationEvent":"*"}
[2021-06-25 18:05:16.613] [exthost] [info] ExtensionService#loadCommonJSModule file:///usr/lib/code-oss/resources/app/extensions/git/dist/main
[2021-06-25 18:05:16.665] [exthost] [info] ExtensionService#_doActivateExtension nowsci.glassit-linux {"startup":true,"extensionId":{"value":"nowsci.glassit-linux","_lower":"nowsci.glassit-linux"},"activationEvent":"*"}
[2021-06-25 18:05:16.665] [exthost] [info] ExtensionService#loadCommonJSModule file:///home/ziggy/.vscode-oss/extensions/nowsci.glassit-linux-1.0.0/extension.js
[2021-06-25 18:05:16.666] [exthost] [info] ExtensionService#_doActivateExtension vscodevim.vim {"startup":true,"extensionId":{"value":"vscodevim.vim","_lower":"vscodevim.vim"},"activationEvent":"*"}
[2021-06-25 18:05:16.666] [exthost] [info] ExtensionService#loadCommonJSModule file:///home/ziggy/.vscode-oss/extensions/vscodevim.vim-1.21.3/out/extension
[2021-06-25 18:05:16.996] [exthost] [info] ExtensionService#_doActivateExtension vscode.github {"startup":true,"extensionId":{"value":"vscode.github","_lower":"vscode.github"},"activationEvent":"*"}
[2021-06-25 18:05:16.996] [exthost] [info] ExtensionService#loadCommonJSModule file:///usr/lib/code-oss/resources/app/extensions/github/dist/extension.js
[2021-06-25 18:05:17.046] [exthost] [info] eager extensions activated
[2021-06-25 18:05:17.048] [exthost] [info] ExtensionService#_doActivateExtension ms-vscode.js-debug {"startup":false,"extensionId":{"value":"ms-vscode.js-debug","_lower":"ms-vscode.js-debug"},"activationEvent":"onCommand:extension.js-debug.clearAutoAttachVariables"}
[2021-06-25 18:05:17.048] [exthost] [info] ExtensionService#loadCommonJSModule file:///usr/lib/code-oss/resources/app/extensions/ms-vscode.js-debug/src/extension.js
[2021-06-25 18:05:17.228] [exthost] [info] ExtensionService#_doActivateExtension vscode.emmet {"startup":false,"extensionId":{"value":"vscode.emmet","_lower":"vscode.emmet"},"activationEvent":"onStartupFinished"}
[2021-06-25 18:05:17.228] [exthost] [info] ExtensionService#loadCommonJSModule file:///usr/lib/code-oss/resources/app/extensions/emmet/dist/node/emmetNodeMain
[2021-06-25 18:05:17.238] [exthost] [info] ExtensionService#_doActivateExtension vscode.merge-conflict {"startup":false,"extensionId":{"value":"vscode.merge-conflict","_lower":"vscode.merge-conflict"},"activationEvent":"onStartupFinished"}
[2021-06-25 18:05:17.238] [exthost] [info] ExtensionService#loadCommonJSModule file:///usr/lib/code-oss/resources/app/extensions/merge-conflict/dist/mergeConflictMain
[2021-06-25 18:05:17.241] [exthost] [info] ExtensionService#_doActivateExtension vscode.testing-editor-contributions {"startup":false,"extensionId":{"value":"vscode.testing-editor-contributions","_lower":"vscode.testing-editor-contributions"},"activationEvent":"onStartupFinished"}
[2021-06-25 18:05:17.241] [exthost] [info] ExtensionService#loadCommonJSModule file:///usr/lib/code-oss/resources/app/extensions/testing-editor-contributions/dist/extension.js
[2021-06-25 18:07:37.965] [exthost] [info] ExtensionService#_doActivateExtension TomRijndorp.find-it-faster {"startup":false,"extensionId":{"value":"TomRijndorp.find-it-faster","_lower":"tomrijndorp.find-it-faster"},"activationEvent":"onStartupFinished"}
[2021-06-25 18:07:37.966] [exthost] [info] ExtensionService#loadCommonJSModule file:///home/ziggy/.vscode-oss/extensions/tomrijndorp.find-it-faster-0.0.6/out/extension.js
[2021-06-25 18:14:29.043] [exthost] [info] ExtensionService#_doActivateExtension vscode.configuration-editing {"startup":false,"extensionId":{"value":"vscode.configuration-editing","_lower":"vscode.configuration-editing"},"activationEvent":"onLanguage:jsonc"}
[2021-06-25 18:14:29.043] [exthost] [info] ExtensionService#loadCommonJSModule file:///usr/lib/code-oss/resources/app/extensions/configuration-editing/dist/configurationEditingMain
[2021-06-25 18:14:29.051] [exthost] [info] ExtensionService#_doActivateExtension vscode.json-language-features {"startup":false,"extensionId":{"value":"vscode.json-language-features","_lower":"vscode.json-language-features"},"activationEvent":"onLanguage:jsonc"}
[2021-06-25 18:14:29.051] [exthost] [info] ExtensionService#loadCommonJSModule file:///usr/lib/code-oss/resources/app/extensions/json-language-features/client/dist/node/jsonClientMain
[2021-06-25 18:14:29.124] [exthost] [info] ExtensionService#_doActivateExtension vscode.typescript-language-features {"startup":false,"extensionId":{"value":"vscode.typescript-language-features","_lower":"vscode.typescript-language-features"},"activationEvent":"onLanguage:jsonc"}
[2021-06-25 18:14:29.124] [exthost] [info] ExtensionService#loadCommonJSModule file:///usr/lib/code-oss/resources/app/extensions/typescript-language-features/dist/extension
[2021-06-25 18:25:04.134] [exthost] [info] ExtensionService#_doActivateExtension wmaurer.vscode-jumpy {"startup":false,"extensionId":{"value":"wmaurer.vscode-jumpy","_lower":"wmaurer.vscode-jumpy"},"activationEvent":"onCommand:extension.jumpy-word"}
[2021-06-25 18:25:04.134] [exthost] [info] ExtensionService#loadCommonJSModule file:///home/ziggy/.vscode-oss/extensions/wmaurer.vscode-jumpy-0.3.1/out/src/extension
[2021-06-25 18:25:04.164] [exthost] [error] Activating extension wmaurer.vscode-jumpy failed due to an error:
[2021-06-25 18:25:04.164] [exthost] [error] Error: command 'type' already exists
    at _.registerCommand (/usr/lib/code-oss/resources/app/out/vs/workbench/services/extensions/node/extensionHostProcess.js:84:106759)
    at Object.registerCommand (/usr/lib/code-oss/resources/app/out/vs/workbench/services/extensions/node/extensionHostProcess.js:93:20640)
    at activate (/home/ziggy/.vscode-oss/extensions/wmaurer.vscode-jumpy-0.3.1/out/src/extension.js:54:49)
    at Function._callActivateOptional (/usr/lib/code-oss/resources/app/out/vs/workbench/services/extensions/node/extensionHostProcess.js:89:14966)
    at Function._callActivate (/usr/lib/code-oss/resources/app/out/vs/workbench/services/extensions/node/extensionHostProcess.js:89:14639)
    at /usr/lib/code-oss/resources/app/out/vs/workbench/services/extensions/node/extensionHostProcess.js:89:12799
    at runMicrotasks (<anonymous>)
    at processTicksAndRejections (internal/process/task_queues.js:93:5)
    at async Promise.all (index 0)
[2021-06-25 18:26:22.620] [exthost] [info] ExtensionService#_doActivateExtension vscode.extension-editing {"startup":false,"extensionId":{"value":"vscode.extension-editing","_lower":"vscode.extension-editing"},"activationEvent":"onLanguage:json"}
[2021-06-25 18:26:22.620] [exthost] [info] ExtensionService#loadCommonJSModule file:///usr/lib/code-oss/resources/app/extensions/extension-editing/dist/extensionEditingMain
[2021-06-25 18:26:22.645] [exthost] [info] ExtensionService#_doActivateExtension vscode.npm {"startup":false,"extensionId":{"value":"vscode.npm","_lower":"vscode.npm"},"activationEvent":"onLanguage:json"}
[2021-06-25 18:26:22.645] [exthost] [info] ExtensionService#loadCommonJSModule file:///usr/lib/code-oss/resources/app/extensions/npm/dist/npmMain
[2021-06-25 18:29:05.398] [exthost] [info] ExtensionService#_doActivateExtension skattyadz.vscode-quick-scope {"startup":false,"extensionId":{"value":"skattyadz.vscode-quick-scope","_lower":"skattyadz.vscode-quick-scope"},"activationEvent":"*"}
[2021-06-25 18:29:05.399] [exthost] [info] ExtensionService#loadCommonJSModule file:///home/ziggy/.vscode-oss/extensions/skattyadz.vscode-quick-scope-0.2.0/out/extension
[2021-06-25 18:33:43.533] [exthost] [info] ExtensionService#_doActivateExtension mksafi.find-jump {"startup":false,"extensionId":{"value":"mksafi.find-jump","_lower":"mksafi.find-jump"},"activationEvent":"onCommand:findJump.activate"}
[2021-06-25 18:33:43.533] [exthost] [info] ExtensionService#loadCommonJSModule file:///home/ziggy/.vscode-oss/extensions/mksafi.find-jump-1.2.4/out/src/extension
[2021-06-25 18:33:43.542] [exthost] [error] Error: command 'type' already exists
    at _.registerCommand (/usr/lib/code-oss/resources/app/out/vs/workbench/services/extensions/node/extensionHostProcess.js:84:106759)
    at Object.registerCommand (/usr/lib/code-oss/resources/app/out/vs/workbench/services/extensions/node/extensionHostProcess.js:93:20640)
    at new InlineInput (/home/ziggy/.vscode-oss/extensions/mksafi.find-jump-1.2.4/out/src/inlineInput.js:32:54)
    at FindJump.activate (/home/ziggy/.vscode-oss/extensions/mksafi.find-jump-1.2.4/out/src/findJump.js:20:32)
    at /usr/lib/code-oss/resources/app/out/vs/workbench/services/extensions/node/extensionHostProcess.js:93:20893
    at Object.edit (/usr/lib/code-oss/resources/app/out/vs/workbench/services/extensions/node/extensionHostProcess.js:84:50199)
    at /usr/lib/code-oss/resources/app/out/vs/workbench/services/extensions/node/extensionHostProcess.js:93:20880
    at _executeContributedCommand (/usr/lib/code-oss/resources/app/out/vs/workbench/services/extensions/node/extensionHostProcess.js:84:108091)
    at _.$executeContributedCommand (/usr/lib/code-oss/resources/app/out/vs/workbench/services/extensions/node/extensionHostProcess.js:84:108529)
    at d._doInvokeHandler (/usr/lib/code-oss/resources/app/out/vs/workbench/services/extensions/node/extensionHostProcess.js:88:12815)
    at d._invokeHandler (/usr/lib/code-oss/resources/app/out/vs/workbench/services/extensions/node/extensionHostProcess.js:88:12507)
    at d._receiveRequest (/usr/lib/code-oss/resources/app/out/vs/workbench/services/extensions/node/extensionHostProcess.js:88:11160)
    at d._receiveOneMessage (/usr/lib/code-oss/resources/app/out/vs/workbench/services/extensions/node/extensionHostProcess.js:88:9960)
    at /usr/lib/code-oss/resources/app/out/vs/workbench/services/extensions/node/extensionHostProcess.js:88:8064
    at l.fire (/usr/lib/code-oss/resources/app/out/vs/workbench/services/extensions/node/extensionHostProcess.js:57:1835)
    at E.fire (/usr/lib/code-oss/resources/app/out/vs/workbench/services/extensions/node/extensionHostProcess.js:65:15634)
    at /usr/lib/code-oss/resources/app/out/vs/workbench/services/extensions/node/extensionHostProcess.js:103:29816
    at l.fire (/usr/lib/code-oss/resources/app/out/vs/workbench/services/extensions/node/extensionHostProcess.js:57:1835)
    at E.fire (/usr/lib/code-oss/resources/app/out/vs/workbench/services/extensions/node/extensionHostProcess.js:65:15634)
    at t._receiveMessage (/usr/lib/code-oss/resources/app/out/vs/workbench/services/extensions/node/extensionHostProcess.js:65:20892)
    at /usr/lib/code-oss/resources/app/out/vs/workbench/services/extensions/node/extensionHostProcess.js:65:17778
    at l.fire (/usr/lib/code-oss/resources/app/out/vs/workbench/services/extensions/node/extensionHostProcess.js:57:1835)
    at c.acceptChunk (/usr/lib/code-oss/resources/app/out/vs/workbench/services/extensions/node/extensionHostProcess.js:65:12995)
    at /usr/lib/code-oss/resources/app/out/vs/workbench/services/extensions/node/extensionHostProcess.js:65:12343
    at Socket.b (/usr/lib/code-oss/resources/app/out/vs/workbench/services/extensions/node/extensionHostProcess.js:103:13287)
    at Socket.emit (events.js:315:20)
    at addChunk (internal/streams/readable.js:309:12)
    at readableAddChunk (internal/streams/readable.js:284:9)
    at Socket.Readable.push (internal/streams/readable.js:223:10)
    at Pipe.onStreamRead (internal/stream_base_commons.js:188:23) findJump.activate
[2021-06-25 18:33:48.745] [exthost] [error] TypeError: Cannot read property 'destroy' of undefined
    at FindJump.reset (/home/ziggy/.vscode-oss/extensions/mksafi.find-jump-1.2.4/out/src/findJump.js:116:30)
    at FindJump.activate (/home/ziggy/.vscode-oss/extensions/mksafi.find-jump-1.2.4/out/src/findJump.js:17:22)
    at /usr/lib/code-oss/resources/app/out/vs/workbench/services/extensions/node/extensionHostProcess.js:93:20893
    at Object.edit (/usr/lib/code-oss/resources/app/out/vs/workbench/services/extensions/node/extensionHostProcess.js:84:50199)
    at /usr/lib/code-oss/resources/app/out/vs/workbench/services/extensions/node/extensionHostProcess.js:93:20880
    at _executeContributedCommand (/usr/lib/code-oss/resources/app/out/vs/workbench/services/extensions/node/extensionHostProcess.js:84:108091)
    at _.$executeContributedCommand (/usr/lib/code-oss/resources/app/out/vs/workbench/services/extensions/node/extensionHostProcess.js:84:108529)
    at d._doInvokeHandler (/usr/lib/code-oss/resources/app/out/vs/workbench/services/extensions/node/extensionHostProcess.js:88:12815)
    at d._invokeHandler (/usr/lib/code-oss/resources/app/out/vs/workbench/services/extensions/node/extensionHostProcess.js:88:12507)
    at d._receiveRequest (/usr/lib/code-oss/resources/app/out/vs/workbench/services/extensions/node/extensionHostProcess.js:88:11160)
    at d._receiveOneMessage (/usr/lib/code-oss/resources/app/out/vs/workbench/services/extensions/node/extensionHostProcess.js:88:9960)
    at /usr/lib/code-oss/resources/app/out/vs/workbench/services/extensions/node/extensionHostProcess.js:88:8064
    at l.fire (/usr/lib/code-oss/resources/app/out/vs/workbench/services/extensions/node/extensionHostProcess.js:57:1835)
    at E.fire (/usr/lib/code-oss/resources/app/out/vs/workbench/services/extensions/node/extensionHostProcess.js:65:15634)
    at /usr/lib/code-oss/resources/app/out/vs/workbench/services/extensions/node/extensionHostProcess.js:103:29816
    at l.fire (/usr/lib/code-oss/resources/app/out/vs/workbench/services/extensions/node/extensionHostProcess.js:57:1835)
    at E.fire (/usr/lib/code-oss/resources/app/out/vs/workbench/services/extensions/node/extensionHostProcess.js:65:15634)
    at t._receiveMessage (/usr/lib/code-oss/resources/app/out/vs/workbench/services/extensions/node/extensionHostProcess.js:65:20892)
    at /usr/lib/code-oss/resources/app/out/vs/workbench/services/extensions/node/extensionHostProcess.js:65:17778
    at l.fire (/usr/lib/code-oss/resources/app/out/vs/workbench/services/extensions/node/extensionHostProcess.js:57:1835)
    at c.acceptChunk (/usr/lib/code-oss/resources/app/out/vs/workbench/services/extensions/node/extensionHostProcess.js:65:12995)
    at /usr/lib/code-oss/resources/app/out/vs/workbench/services/extensions/node/extensionHostProcess.js:65:12343
    at Socket.b (/usr/lib/code-oss/resources/app/out/vs/workbench/services/extensions/node/extensionHostProcess.js:103:13287)
    at Socket.emit (events.js:315:20)
    at addChunk (internal/streams/readable.js:309:12)
    at readableAddChunk (internal/streams/readable.js:284:9)
    at Socket.Readable.push (internal/streams/readable.js:223:10)
    at Pipe.onStreamRead (internal/stream_base_commons.js:188:23) findJump.activate
[2021-06-25 18:34:46.895] [exthost] [info] ExtensionService#_doActivateExtension tranhl.find-then-jump {"startup":false,"extensionId":{"value":"tranhl.find-then-jump","_lower":"tranhl.find-then-jump"},"activationEvent":"*"}
[2021-06-25 18:34:46.895] [exthost] [info] ExtensionService#loadCommonJSModule file:///home/ziggy/.vscode-oss/extensions/tranhl.find-then-jump-2.0.5/dist/extension.js
[2021-06-25 18:37:39.540] [exthost] [info] extension host terminating: renderer closed the socket
[2021-06-25 18:37:39.942] [exthost] [error] TypeError: Converting circular structure to JSON
    --> starting at object with constructor 't'
    |     property '_readableState' -> object with constructor 'x'
    |     property 'pipes' -> object with constructor 'Array'
    |     index 0 -> object with constructor 't.ConsoleForElectron'
    --- property 'parent' closes the circle
    at JSON.stringify (<anonymous>)
    at /home/ziggy/.vscode-oss/extensions/vscodevim.vim-1.21.3/src/register/register.ts:354:16
    at process.async (internal/process/task_queues.js:93:5)
    at Object.e.deactivate (/home/ziggy/.vscode-oss/extensions/vscodevim.vim-1.21.3/extension.ts:36:8)
    at async Promise.all (index 17)
    at m.deactivateAll (/usr/lib/code-oss/resources/app/out/vs/workbench/services/extensions/node/extensionHostProcess.js:89:10002)
[2021-06-25 18:37:39.945] [exthost] [error] Error: Terminal has already been disposed
    at _checkDisposed (/usr/lib/code-oss/resources/app/out/vs/workbench/services/extensions/node/extensionHostProcess.js:85:32847)
    at Object.sendText (/usr/lib/code-oss/resources/app/out/vs/workbench/services/extensions/node/extensionHostProcess.js:85:31416)
    at handleCanaryFileChange (/home/ziggy/.vscode-oss/extensions/tomrijndorp.find-it-faster-0.0.6/out/extension.js:271:14)
    at FSWatcher.<anonymous> (/home/ziggy/.vscode-oss/extensions/tomrijndorp.find-it-faster-0.0.6/out/extension.js:242:13)
    at FSWatcher.emit (events.js:315:20)
    at FSEvent.FSWatcher._handle.onchange (internal/fs/watchers.js:186:12)
[2021-06-25 18:37:40.569] [exthost] [info] exiting with code 0
